Log file open, 12/02/14 20:47:29
LogInit:Display: Running engine for game: ProtoPixelPower
LogInit: Version: 4.4.3-2296771+++depot+UE4-Releases+4.4
LogInit: API Version: 2255576
LogInit: Compiled (64-bit): Sep 13 2014 22:30:58
LogInit: Build Configuration: Development
LogInit: Branch Name: ++depot+UE4-Releases+4.4
LogInit: Command line: 
LogInit: Base directory: C:/Program Files/Unreal Engine/4.4/Engine/Binaries/Win64/
LogInit: Rocket: 1
[2014.12.03-04.47.29:684][  0]LogTaskGraph: Started task graph with 3 named threads and 4 total threads.
[2014.12.03-04.47.29:721][  0]LogOnline:Warning: No default platform service specified for OnlineSubsystem
[2014.12.03-04.47.29:735][  0]LogInit: Presizing for 0 objects not considered by GC, pre-allocating 0 bytes.
[2014.12.03-04.47.29:742][  0]LogInit: Object subsystem initialized
[2014.12.03-04.47.29:744][  0]LogInit: Selected Device Profile: [Windows]
[2014.12.03-04.47.29:744][  0]LogInit: Applying CVar settings loaded from the selected device profile: [Windows]
[2014.12.03-04.47.29:748][  0]LogInit: Computer: FENDR
[2014.12.03-04.47.29:748][  0]LogInit: User: AK
[2014.12.03-04.47.29:748][  0]LogInit: CPU Page size=4096, Cores=4
[2014.12.03-04.47.29:748][  0]LogInit: High frequency timer resolution =3.621210 MHz
[2014.12.03-04.47.29:749][  0]LogMemory: Memory total: Physical=16.0GB (16GB approx) Virtual=8192.0GB
[2014.12.03-04.47.29:749][  0]LogMemory: Platform Memory Stats for Windows
[2014.12.03-04.47.29:749][  0]LogMemory: Process Physical Memory: 63.16 MB used, 63.16 MB peak
[2014.12.03-04.47.29:749][  0]LogMemory: Process Virtual Memory: 39.62 MB used, 39.62 MB peak
[2014.12.03-04.47.29:749][  0]LogMemory: Physical Memory: 5054.47 MB used, 16361.31 MB total
[2014.12.03-04.47.29:749][  0]LogMemory: Virtual Memory: 264.33 MB used, 8388608.00 MB total
[2014.12.03-04.47.29:777][  0]LogD3D11RHI: Found D3D11 adapter 0: NVIDIA GeForce GTX 580 (Feature Level 11_0)
[2014.12.03-04.47.29:777][  0]LogD3D11RHI: Adapter has 1487MB of dedicated video memory, 0MB of dedicated system memory, and 2559MB of shared system memory, 1 output[s]
[2014.12.03-04.47.29:777][  0]LogD3D11RHI: Chosen D3D11 Adapter Id = 0
[2014.12.03-04.47.29:784][  0]LogRHI: Texture pool is 1041 MB (70% of 1487 MB)
[2014.12.03-04.47.29:790][  0]LogD3D11RHI: Async texture creation enabled
[2014.12.03-04.47.29:876][  0]LogContentStreaming: Texture pool size is 0.000000MB
[2014.12.03-04.47.30:992][  0]LogTargetPlatformManager:Display: Building Assets For Windows
[2014.12.03-04.47.31:271][  0]LogTargetPlatformManager:Display: Building Assets For Windows
[2014.12.03-04.47.31:299][  0]LogDerivedDataCache:Display: Max Cache Size: 512 MB
[2014.12.03-04.47.31:331][  0]LogDerivedDataCache: Loaded boot cache 0.03s 39MB C:/Users/AK/AppData/Local/UnrealEngine/4.4/DerivedDataCache/Boot.ddc.
[2014.12.03-04.47.31:331][  0]LogDerivedDataCache:Display: Loaded Boot cache: C:/Users/AK/AppData/Local/UnrealEngine/4.4/DerivedDataCache/Boot.ddc
[2014.12.03-04.47.31:331][  0]LogDerivedDataCache: FDerivedDataBackendGraph:  Pak pak cache file ../../../../../../Users/AK/Documents/Unreal Projects/ProtoPixelPower/DerivedDataCache/DDC.ddp not found, will not use a pak cache.
[2014.12.03-04.47.31:331][  0]LogDerivedDataCache: Unable to find inner node Pak for hierarchical cache Hierarchy.
[2014.12.03-04.47.31:345][  0]LogDerivedDataCache:Display: Pak cache opened for reading ../../../Engine/DerivedDataCache/DDC.ddp.
[2014.12.03-04.47.31:357][  0]LogDerivedDataCache: Using Local data cache path C:/Users/AK/AppData/Local/UnrealEngine/4.4/DerivedDataCache: Writable
[2014.12.03-04.47.31:472][  0]LogMeshUtilities: No automatic mesh reduction module available
[2014.12.03-04.47.31:472][  0]LogMeshUtilities: No automatic mesh merging module available
[2014.12.03-04.47.31:705][  0]LogInit: WinSock: version 1.1 (2.2), MaxSocks=32767, MaxUdp=65467
[2014.12.03-04.47.32:274][  0]LogStats:Warning: MetaData mismatch. Did you assign a stat to two groups? New //STATGROUP_Threads//FMonitoredProcess///Thread_22d4_0///////STATCAT_Advanced//// old //STATGROUP_Threads//FMonitoredProcess///Thread_b68_0///////STATCAT_Advanced////
[2014.12.03-04.47.32:274][  0]UdpMessaging: Initializing bridge on interface 0.0.0.0:0 to multicast group 230.0.0.1:6666.
[2014.12.03-04.47.32:397][  0]SourceControl: Info Source control is disabled
[2014.12.03-04.47.32:397][  0]SourceControl: Info Source control is disabled
[2014.12.03-04.47.32:402][  0]SourceControl: Info Source control is disabled
[2014.12.03-04.47.32:517][  0]BlueprintLog: New page: Editor Load
[2014.12.03-04.47.32:579][  0]LogObj: 21438 objects as part of root set at end of initial load.
[2014.12.03-04.47.32:579][  0]LogUObjectAllocator: 4218656 out of 0 bytes used by permanent object pool.
[2014.12.03-04.47.32:702][  0]LogEngine: Initializing Engine...
[2014.12.03-04.47.32:777][  0]LogInit: XAudio2 using 'LG TV-3 (NVIDIA High Definition Audio)' : 2 channels at 48 kHz using 16 bits per sample (channel mask 0x3)
[2014.12.03-04.47.32:806][  0]LogInit: FAudioDevice initialized.
[2014.12.03-04.47.32:817][  0]LogAIModule: Creating AISystem for world NewWorld
[2014.12.03-04.47.32:834][  0]LogDerivedDataCache: Saved boot cache 0.02s 39MB C:/Users/AK/AppData/Local/UnrealEngine/4.4/DerivedDataCache/Boot.ddc.
[2014.12.03-04.47.32:839][  0]LogInit: Texture streaming: Enabled
[2014.12.03-04.47.32:861][  0]LogInit: Transaction tracking system initialized
[2014.12.03-04.47.32:934][  0]LogAssetRegistry: FAssetRegistry took 0.0102 seconds to start up
[2014.12.03-04.47.33:237][  0]LogTargetPlatformManager:Display: Building Assets For Windows
[2014.12.03-04.47.33:464][  0]LogTargetPlatformManager:Display: Building Assets For Windows
[2014.12.03-04.47.33:548][  0]LogConsoleResponse:Display: 
[2014.12.03-04.47.33:658][  0]LogStats:Warning: MetaData mismatch. Did you assign a stat to two groups? New //STATGROUP_Threads//FMonitoredProcess///Thread_1c3c_0///////STATCAT_Advanced//// old //STATGROUP_Threads//FMonitoredProcess///Thread_b68_0///////STATCAT_Advanced////
[2014.12.03-04.47.33:658][  0]LogStats:Warning: MetaData mismatch. Did you assign a stat to two groups? New //STATGROUP_Threads//FMonitoredProcess///Thread_1110_0///////STATCAT_Advanced//// old //STATGROUP_Threads//FMonitoredProcess///Thread_b68_0///////STATCAT_Advanced////
[2014.12.03-04.47.33:658][  0]SourceControl: Info Source control is disabled
[2014.12.03-04.47.33:658][  0]Cmd: MAP LOAD FILE="../../../../../../Users/AK/Documents/Unreal Projects/ProtoPixelPower/Content/Maps/Example_Map.umap" TEMPLATE=0 SHOWPROGRESS=1
[2014.12.03-04.47.33:658][  0]LightingResults: New page: Lighting Build
[2014.12.03-04.47.33:663][  0]MapCheck: New page: Map Check
[2014.12.03-04.47.33:663][  0]LightingResults: New page: Lighting Build
[2014.12.03-04.47.33:673][  0]LogParticles: Destroying 0 GPU particle simulations for FXSystem 0x000000000EBCC860
[2014.12.03-04.47.33:829][  0]LogTexture:Display: Building textures: LQ_Lightmap_0_20 (DXT1)
[2014.12.03-04.47.33:916][  0]LogStaticMesh: Building static mesh TemplateFloor...
[2014.12.03-04.47.34:022][  0]LogStaticMesh: Built static mesh [140.817566ms] /Game/Meshes/TemplateFloor.TemplateFloor
[2014.12.03-04.47.34:155][  0]LogStaticMesh: Building static mesh TemplateCube_Rounded...
[2014.12.03-04.47.34:159][  0]LogStaticMesh: Built static mesh [49.706589ms] /Game/Meshes/TemplateCube_Rounded.TemplateCube_Rounded
[2014.12.03-04.47.34:382][  0]LogTexture:Display: Building textures: HQ_Lightmap0_1 (AutoDXT)
[2014.12.03-04.47.34:584][  0]LogTexture:Display: Building textures: HQ_Lightmap0_10 (AutoDXT)
[2014.12.03-04.47.34:698][  0]LogTexture:Display: Building textures: HQ_Lightmap0_11 (AutoDXT)
[2014.12.03-04.47.34:790][  0]LogTexture:Display: Building textures: HQ_Lightmap0_12 (AutoDXT)
[2014.12.03-04.47.34:879][  0]LogTexture:Display: Building textures: HQ_Lightmap0_13 (AutoDXT)
[2014.12.03-04.47.34:984][  0]LogTexture:Display: Building textures: HQ_Lightmap0_14 (AutoDXT)
[2014.12.03-04.47.35:038][  0]LogTexture:Display: Building textures: HQ_Lightmap0_15 (AutoDXT)
[2014.12.03-04.47.35:084][  0]LogTexture:Display: Building textures: HQ_Lightmap0_16 (AutoDXT)
[2014.12.03-04.47.35:198][  0]LogTexture:Display: Building textures: HQ_Lightmap0_17 (AutoDXT)
[2014.12.03-04.47.35:361][  0]LogTexture:Display: Building textures: HQ_Lightmap0_18 (AutoDXT)
[2014.12.03-04.47.35:425][  0]LogTexture:Display: Building textures: HQ_Lightmap0_19 (AutoDXT)
[2014.12.03-04.47.35:495][  0]LogTexture:Display: Building textures: HQ_Lightmap0_2 (AutoDXT)
[2014.12.03-04.47.35:635][  0]LogTexture:Display: Building textures: HQ_Lightmap0_20 (AutoDXT)
[2014.12.03-04.47.35:797][  0]LogTexture:Display: Building textures: HQ_Lightmap0_21 (AutoDXT)
[2014.12.03-04.47.35:804][  0]LogTexture:Display: Building textures: HQ_Lightmap0_3 (AutoDXT)
[2014.12.03-04.47.35:945][  0]LogTexture:Display: Building textures: HQ_Lightmap0_4 (AutoDXT)
[2014.12.03-04.47.36:083][  0]LogTexture:Display: Building textures: HQ_Lightmap0_5 (AutoDXT)
[2014.12.03-04.47.36:229][  0]LogTexture:Display: Building textures: HQ_Lightmap0_6 (AutoDXT)
[2014.12.03-04.47.36:373][  0]LogTexture:Display: Building textures: HQ_Lightmap0_7 (AutoDXT)
[2014.12.03-04.47.36:497][  0]LogTexture:Display: Building textures: HQ_Lightmap0_8 (AutoDXT)
[2014.12.03-04.47.36:616][  0]LogTexture:Display: Building textures: HQ_Lightmap0_9 (AutoDXT)
[2014.12.03-04.47.36:687][  0]LogTexture:Display: Building textures: LQ_Lightmap_0_1 (DXT1)
[2014.12.03-04.47.36:731][  0]LogTexture:Display: Building textures: LQ_Lightmap_0_10 (DXT1)
[2014.12.03-04.47.36:770][  0]LogTexture:Display: Building textures: LQ_Lightmap_0_11 (DXT1)
[2014.12.03-04.47.36:804][  0]LogTexture:Display: Building textures: LQ_Lightmap_0_12 (DXT1)
[2014.12.03-04.47.36:831][  0]LogTexture:Display: Building textures: LQ_Lightmap_0_13 (DXT1)
[2014.12.03-04.47.36:863][  0]LogTexture:Display: Building textures: LQ_Lightmap_0_14 (DXT1)
[2014.12.03-04.47.36:879][  0]LogTexture:Display: Building textures: LQ_Lightmap_0_15 (DXT1)
[2014.12.03-04.47.36:894][  0]LogTexture:Display: Building textures: LQ_Lightmap_0_16 (DXT1)
[2014.12.03-04.47.36:932][  0]LogTexture:Display: Building textures: LQ_Lightmap_0_17 (DXT1)
[2014.12.03-04.47.36:978][  0]LogTexture:Display: Building textures: LQ_Lightmap_0_18 (DXT1)
[2014.12.03-04.47.36:996][  0]LogTexture:Display: Building textures: LQ_Lightmap_0_19 (DXT1)
[2014.12.03-04.47.37:017][  0]LogTexture:Display: Building textures: LQ_Lightmap_0_2 (DXT1)
[2014.12.03-04.47.37:051][  0]LogTexture:Display: Building textures: LQ_Lightmap_0_21 (DXT1)
[2014.12.03-04.47.37:056][  0]LogTexture:Display: Building textures: LQ_Lightmap_0_3 (DXT1)
[2014.12.03-04.47.37:091][  0]LogTexture:Display: Building textures: LQ_Lightmap_0_4 (DXT1)
[2014.12.03-04.47.37:126][  0]LogTexture:Display: Building textures: LQ_Lightmap_0_5 (DXT1)
[2014.12.03-04.47.37:168][  0]LogTexture:Display: Building textures: LQ_Lightmap_0_6 (DXT1)
[2014.12.03-04.47.37:213][  0]LogTexture:Display: Building textures: LQ_Lightmap_0_7 (DXT1)
[2014.12.03-04.47.37:257][  0]LogTexture:Display: Building textures: LQ_Lightmap_0_8 (DXT1)
[2014.12.03-04.47.37:303][  0]LogTexture:Display: Building textures: LQ_Lightmap_0_9 (DXT1)
[2014.12.03-04.47.37:328][  0]LogTexture:Display: Building textures: ShadowMapTexture2D_0 (BGRA8)
[2014.12.03-04.47.37:334][  0]LogTexture:Display: Building textures: ShadowMapTexture2D_1 (BGRA8)
[2014.12.03-04.47.37:341][  0]LogTexture:Display: Building textures: ShadowMapTexture2D_10 (BGRA8)
[2014.12.03-04.47.37:346][  0]LogTexture:Display: Building textures: ShadowMapTexture2D_11 (BGRA8)
[2014.12.03-04.47.37:349][  0]LogTexture:Display: Building textures: ShadowMapTexture2D_12 (BGRA8)
[2014.12.03-04.47.37:354][  0]LogTexture:Display: Building textures: ShadowMapTexture2D_13 (BGRA8)
[2014.12.03-04.47.37:356][  0]LogTexture:Display: Building textures: ShadowMapTexture2D_14 (BGRA8)
[2014.12.03-04.47.37:359][  0]LogTexture:Display: Building textures: ShadowMapTexture2D_15 (BGRA8)
[2014.12.03-04.47.37:365][  0]LogTexture:Display: Building textures: ShadowMapTexture2D_16 (BGRA8)
[2014.12.03-04.47.37:370][  0]LogTexture:Display: Building textures: ShadowMapTexture2D_17 (BGRA8)
[2014.12.03-04.47.37:372][  0]LogTexture:Display: Building textures: ShadowMapTexture2D_18 (BGRA8)
[2014.12.03-04.47.37:374][  0]LogTexture:Display: Building textures: ShadowMapTexture2D_19 (BGRA8)
[2014.12.03-04.47.37:381][  0]LogTexture:Display: Building textures: ShadowMapTexture2D_2 (BGRA8)
[2014.12.03-04.47.37:386][  0]LogTexture:Display: Building textures: ShadowMapTexture2D_20 (BGRA8)
[2014.12.03-04.47.37:387][  0]LogTexture:Display: Building textures: ShadowMapTexture2D_3 (BGRA8)
[2014.12.03-04.47.37:394][  0]LogTexture:Display: Building textures: ShadowMapTexture2D_4 (BGRA8)
[2014.12.03-04.47.37:400][  0]LogTexture:Display: Building textures: ShadowMapTexture2D_5 (BGRA8)
[2014.12.03-04.47.37:407][  0]LogTexture:Display: Building textures: ShadowMapTexture2D_6 (BGRA8)
[2014.12.03-04.47.37:413][  0]LogTexture:Display: Building textures: ShadowMapTexture2D_7 (BGRA8)
[2014.12.03-04.47.37:419][  0]LogTexture:Display: Building textures: ShadowMapTexture2D_8 (BGRA8)
[2014.12.03-04.47.37:421][  0]LogTexture:Display: Building textures: ShadowMapTexture2D_9 (BGRA8)
[2014.12.03-04.47.37:434][  0]LogEditorServer: Finished looking for orphan Actors (0.000 secs)
[2014.12.03-04.47.37:435][  0]LogAIModule: Creating AISystem for world Example_Map
[2014.12.03-04.47.37:435][  0]Cmd: MAP CHECKDEP
[2014.12.03-04.47.37:435][  0]MapCheck: New page: Example_Map - Dec 2, 2014, 12:47:37 PM
[2014.12.03-04.47.37:475][  0]MapCheck: Info ========== Map Check: 0 Error(s), 0 Warning(s), [39.819ms] ==========
[2014.12.03-04.47.37:475][  0]LogFileHelpers: Loading map 'Example_Map' took 3.817
[2014.12.03-04.47.37:545][  0]LogCollectionManager: Loaded 0 collections in 0.000654 seconds
[2014.12.03-04.47.37:599][  0]LogCrashTracker: Crashtracker disabled due to settings.
[2014.12.03-04.47.37:639][  0]LogLoad: Full Startup: 9.47 seconds (BP compile: 0.04 seconds)
[2014.12.03-04.47.37:753][  0]LogRenderer:Warning: Reallocating scene render targets to support 800x600.
[2014.12.03-04.47.42:665][513]LogPlayLevel: PIE:  No blueprints needed recompiling
[2014.12.03-04.47.42:665][513]PIE: New page: PIE session: Example_Map (Dec 2, 2014, 12:47:42 PM)
[2014.12.03-04.47.42:707][513]LogPlayLevel: PIE: StaticDuplicateObject took: (0.042006s)
[2014.12.03-04.47.42:728][513]LogPlayLevel: PIE: World Init took: (0.000526s)
[2014.12.03-04.47.42:728][513]LogPlayLevel: PIE: Created PIE world by copying editor world from /Game/Maps/Example_Map.Example_Map to /Game/Maps/UEDPIE_0_Example_Map.Example_Map (0.063143s)
[2014.12.03-04.47.43:529][513]LogStaticMesh: Building static mesh UFO...
[2014.12.03-04.47.43:612][513]LogStaticMesh: Built static mesh [199.060257ms] /Game/Meshes/UFO.UFO
[2014.12.03-04.47.43:659][513]BlueprintLog:Warning: Warning Blueprint FlyingGameMode has been migrated and requires re-saving to avoid import errors
[2014.12.03-04.47.43:660][513]LogWorld: Game class is 'FlyingGameMode_C'
[2014.12.03-04.47.43:946][513]LogAIModule: Creating AISystem for world Example_Map
[2014.12.03-04.47.43:981][513]LogWorld: Bringing World /Game/Maps/UEDPIE_0_Example_Map.Example_Map up for play (max tick rate 0) at 2014.12.02-20.47.43
[2014.12.03-04.47.43:982][513]LogWorld: Bringing up level for play took: 0.035759
[2014.12.03-04.47.44:275][513]PIE: Info Play in editor start time for /Game/Maps/UEDPIE_0_Example_Map 1.43
[2014.12.03-04.47.47:761][873]LogAssetRegistry: Asset discovery search completed in 14.8376 seconds
[2014.12.03-04.48.08:607][317]LogParticles: Destroying 0 GPU particle simulations for FXSystem 0x000000001F425260
[2014.12.03-04.48.10:108][491]LogPlayLevel: PIE:  No blueprints needed recompiling
[2014.12.03-04.48.10:109][491]PIE: New page: PIE session: Example_Map (Dec 2, 2014, 12:48:10 PM)
[2014.12.03-04.48.10:150][491]LogPlayLevel: PIE: StaticDuplicateObject took: (0.041223s)
[2014.12.03-04.48.10:151][491]LogPlayLevel: PIE: World Init took: (0.000704s)
[2014.12.03-04.48.10:151][491]LogPlayLevel: PIE: Created PIE world by copying editor world from /Game/Maps/Example_Map.Example_Map to /Game/Maps/UEDPIE_0_Example_Map.Example_Map (0.042109s)
[2014.12.03-04.48.10:182][491]LogWorld: Game class is 'FlyingGameMode_C'
[2014.12.03-04.48.10:183][491]LogAIModule: Creating AISystem for world Example_Map
[2014.12.03-04.48.10:188][491]LogWorld: Bringing World /Game/Maps/UEDPIE_0_Example_Map.Example_Map up for play (max tick rate 0) at 2014.12.02-20.48.10
[2014.12.03-04.48.10:189][491]LogWorld: Bringing up level for play took: 0.005775
[2014.12.03-04.48.10:190][491]PIE: Info Play in editor start time for /Game/Maps/UEDPIE_0_Example_Map -0.655
[2014.12.03-04.48.29:780][824]LogParticles: Destroying 0 GPU particle simulations for FXSystem 0x000000001F427420
[2014.12.03-04.48.31:346][ 11]LogPlayLevel: PIE:  No blueprints needed recompiling
[2014.12.03-04.48.31:346][ 11]PIE: New page: PIE session: Example_Map (Dec 2, 2014, 12:48:31 PM)
[2014.12.03-04.48.31:386][ 11]LogPlayLevel: PIE: StaticDuplicateObject took: (0.039870s)
[2014.12.03-04.48.31:387][ 11]LogPlayLevel: PIE: World Init took: (0.000632s)
[2014.12.03-04.48.31:387][ 11]LogPlayLevel: PIE: Created PIE world by copying editor world from /Game/Maps/Example_Map.Example_Map to /Game/Maps/UEDPIE_0_Example_Map.Example_Map (0.040683s)
[2014.12.03-04.48.31:417][ 11]LogWorld: Game class is 'FlyingGameMode_C'
[2014.12.03-04.48.31:418][ 11]LogAIModule: Creating AISystem for world Example_Map
[2014.12.03-04.48.31:423][ 11]LogWorld: Bringing World /Game/Maps/UEDPIE_0_Example_Map.Example_Map up for play (max tick rate 0) at 2014.12.02-20.48.31
[2014.12.03-04.48.31:424][ 11]LogWorld: Bringing up level for play took: 0.005849
[2014.12.03-04.48.31:425][ 11]PIE: Info Play in editor start time for /Game/Maps/UEDPIE_0_Example_Map 0.58
[2014.12.03-04.48.37:548][728]LogParticles: Destroying 0 GPU particle simulations for FXSystem 0x000000000D964220
[2014.12.03-04.49.14:560][ 22]LogUProjectInfo: Found projects:
[2014.12.03-04.49.28:433][657]Cmd: CLOSE_SLATE_MAINFRAME
[2014.12.03-04.49.28:824][658]Cmd: QUIT_EDITOR
[2014.12.03-04.49.28:931][658]LogWindowsTextInputMethodSystem:Error: Terminating failed while unadvising the language notification sink from the TSF source.
[2014.12.03-04.49.28:932][658]LogExit: Preparing to exit.
[2014.12.03-04.49.29:402][658]LogExit: Editor shut down
[2014.12.03-04.49.29:402][658]LogExit: Transaction tracking system shut down
[2014.12.03-04.49.29:403][658]LogParticles: Destroying 0 GPU particle simulations for FXSystem 0x000000001B24B6A0
[2014.12.03-04.49.29:426][658]LogExit: Object subsystem successfully closed.
[2014.12.03-04.49.29:447][658]LogModuleManager: Shutting down and abandoning module AndroidDeviceDetection (161)
[2014.12.03-04.49.29:447][658]LogModuleManager: Shutting down and abandoning module HTTP (160)
[2014.12.03-04.49.29:447][658]LogModuleManager: Shutting down and abandoning module CrashTracker (159)
[2014.12.03-04.49.29:447][658]LogModuleManager: Shutting down and abandoning module SuperSearch (158)
[2014.12.03-04.49.29:447][658]LogModuleManager: Shutting down and abandoning module SceneOutliner (157)
[2014.12.03-04.49.29:447][658]LogModuleManager: Shutting down and abandoning module EditorWidgets (156)
[2014.12.03-04.49.29:447][658]LogModuleManager: Shutting down and abandoning module CollectionManager (155)
[2014.12.03-04.49.29:447][658]LogModuleManager: Shutting down and abandoning module StatsViewer (154)
[2014.12.03-04.49.29:447][658]LogModuleManager: Shutting down and abandoning module FoliageEdit (153)
[2014.12.03-04.49.29:447][658]LogModuleManager: Shutting down and abandoning module LandscapeEditor (152)
[2014.12.03-04.49.29:448][658]LogModuleManager: Shutting down and abandoning module MeshPaint (151)
[2014.12.03-04.49.29:448][658]LogModuleManager: Shutting down and abandoning module ActorPickerMode (150)
[2014.12.03-04.49.29:448][658]LogModuleManager: Shutting down and abandoning module GeometryMode (149)
[2014.12.03-04.49.29:448][658]LogModuleManager: Shutting down and abandoning module TextureAlignMode (148)
[2014.12.03-04.49.29:448][658]LogModuleManager: Shutting down and abandoning module BspMode (147)
[2014.12.03-04.49.29:448][658]LogModuleManager: Shutting down and abandoning module PlacementMode (146)
[2014.12.03-04.49.29:448][658]LogModuleManager: Shutting down and abandoning module DesktopPlatform (145)
[2014.12.03-04.49.29:448][658]LogModuleManager: Shutting down and abandoning module AutomationWorker (144)
[2014.12.03-04.49.29:448][658]LogModuleManager: Shutting down and abandoning module EditorLiveStreaming (143)
[2014.12.03-04.49.29:448][658]LogModuleManager: Shutting down and abandoning module BehaviorTreeEditor (142)
[2014.12.03-04.49.29:448][658]LogModuleManager: Shutting down and abandoning module DeviceProfileEditor (141)
[2014.12.03-04.49.29:448][658]LogModuleManager: Shutting down and abandoning module UndoHistory (140)
[2014.12.03-04.49.29:448][658]LogModuleManager: Shutting down and abandoning module GameplayTagsEditor (139)
[2014.12.03-04.49.29:448][658]LogModuleManager: Shutting down and abandoning module UserFeedback (138)
[2014.12.03-04.49.29:448][658]LogModuleManager: Shutting down and abandoning module XmlParser (137)
[2014.12.03-04.49.29:448][658]LogModuleManager: Shutting down and abandoning module Blutility (136)
[2014.12.03-04.49.29:448][658]LogModuleManager: Shutting down and abandoning module IOSPlatformEditor (135)
[2014.12.03-04.49.29:448][658]LogModuleManager: Shutting down and abandoning module IOSRuntimeSettings (134)
[2014.12.03-04.49.29:448][658]LogModuleManager: Shutting down and abandoning module AndroidPlatformEditor (133)
[2014.12.03-04.49.29:448][658]LogModuleManager: Shutting down and abandoning module AndroidRuntimeSettings (132)
[2014.12.03-04.49.29:448][658]LogModuleManager: Shutting down and abandoning module ProjectTargetPlatformEditor (131)
[2014.12.03-04.49.29:448][658]LogModuleManager: Shutting down and abandoning module ProjectSettingsViewer (130)
[2014.12.03-04.49.29:448][658]LogModuleManager: Shutting down and abandoning module InputBindingEditor (129)
[2014.12.03-04.49.29:448][658]LogModuleManager: Shutting down and abandoning module EditorSettingsViewer (128)
[2014.12.03-04.49.29:448][658]LogModuleManager: Shutting down and abandoning module SettingsEditor (127)
[2014.12.03-04.49.29:448][658]LogModuleManager: Shutting down and abandoning module SessionLauncher (126)
[2014.12.03-04.49.29:448][658]LogModuleManager: Shutting down and abandoning module SessionFrontend (125)
[2014.12.03-04.49.29:448][658]LogModuleManager: Shutting down and abandoning module ProfilerClient (124)
[2014.12.03-04.49.29:448][658]LogModuleManager: Shutting down and abandoning module TargetDeviceServices (123)
[2014.12.03-04.49.29:448][658]LogModuleManager: Shutting down and abandoning module DeviceManager (122)
[2014.12.03-04.49.29:448][658]LogModuleManager: Shutting down and abandoning module AutomationController (121)
[2014.12.03-04.49.29:448][658]LogModuleManager: Shutting down and abandoning module AutomationWindow (120)
[2014.12.03-04.49.29:448][658]LogModuleManager: Shutting down and abandoning module Layers (119)
[2014.12.03-04.49.29:448][658]LogModuleManager: Shutting down and abandoning module ComponentVisualizers (118)
[2014.12.03-04.49.29:448][658]LogModuleManager: Shutting down and abandoning module DetailCustomizations (117)
[2014.12.03-04.49.29:448][658]LogModuleManager: Shutting down and abandoning module PackagesDialog (116)
[2014.12.03-04.49.29:448][658]LogModuleManager: Shutting down and abandoning module DirectoryWatcher (115)
[2014.12.03-04.49.29:448][658]LogModuleManager: Shutting down and abandoning module AssetRegistry (114)
[2014.12.03-04.49.29:536][658]LogModuleManager: Shutting down and abandoning module Persona (113)
[2014.12.03-04.49.29:536][658]LogModuleManager: Shutting down and abandoning module GraphEditor (112)
[2014.12.03-04.49.29:536][658]LogModuleManager: Shutting down and abandoning module ClassViewer (111)
[2014.12.03-04.49.29:536][658]LogModuleManager: Shutting down and abandoning module Toolbox (110)
[2014.12.03-04.49.29:536][658]LogModuleManager: Shutting down and abandoning module ModuleUI (109)
[2014.12.03-04.49.29:536][658]LogModuleManager: Shutting down and abandoning module Sequencer (108)
[2014.12.03-04.49.29:536][658]LogModuleManager: Shutting down and abandoning module MovieSceneTools (107)
[2014.12.03-04.49.29:536][658]LogModuleManager: Shutting down and abandoning module OutputLog (106)
[2014.12.03-04.49.29:536][658]LogModuleManager: Shutting down and abandoning module GammaUI (105)
[2014.12.03-04.49.29:536][658]LogModuleManager: Shutting down and abandoning module Documentation (104)
[2014.12.03-04.49.29:536][658]LogModuleManager: Shutting down and abandoning module GameLiveStreaming (103)
[2014.12.03-04.49.29:536][658]LogModuleManager: Shutting down and abandoning module StreamingPauseRendering (102)
[2014.12.03-04.49.29:536][658]LogModuleManager: Shutting down and abandoning module AnalyticsET (101)
[2014.12.03-04.49.29:536][658]LogModuleManager: Shutting down and abandoning module Analytics (100)
[2014.12.03-04.49.29:536][658]LogModuleManager: Shutting down and abandoning module GameplayDebugger (99)
[2014.12.03-04.49.29:536][658]LogModuleManager: Shutting down and abandoning module AIModule (98)
[2014.12.03-04.49.29:536][658]LogModuleManager: Shutting down and abandoning module ProfilerService (97)
[2014.12.03-04.49.29:597][658]LogModuleManager: Shutting down and abandoning module TaskGraph (96)
[2014.12.03-04.49.29:597][658]LogModuleManager: Shutting down and abandoning module SlateRemote (95)
[2014.12.03-04.49.29:597][658]LogModuleManager: Shutting down and abandoning module ScriptEditorPlugin (94)
[2014.12.03-04.49.29:597][658]LogModuleManager: Shutting down and abandoning module CustomMeshComponent (93)
[2014.12.03-04.49.29:597][658]LogModuleManager: Shutting down and abandoning module CableComponent (92)
[2014.12.03-04.49.29:597][658]LogModuleManager: Shutting down and abandoning module MessagingDebugger (91)
[2014.12.03-04.49.29:597][658]LogModuleManager: Shutting down and abandoning module ViewportSnapping (90)
[2014.12.03-04.49.29:597][658]LogModuleManager: Shutting down and abandoning module SmartSnapping (89)
[2014.12.03-04.49.29:597][658]LogModuleManager: Shutting down and abandoning module PaperTiledImporter (88)
[2014.12.03-04.49.29:597][658]LogModuleManager: Shutting down and abandoning module PaperJsonImporter (87)
[2014.12.03-04.49.29:597][658]LogModuleManager: Shutting down and abandoning module GameProjectGeneration (86)
[2014.12.03-04.49.29:597][658]LogModuleManager: Shutting down and abandoning module Matinee (85)
[2014.12.03-04.49.29:597][658]LogModuleManager: Shutting down and abandoning module Kismet (84)
[2014.12.03-04.49.29:597][658]LogModuleManager: Shutting down and abandoning module SlateReflector (83)
[2014.12.03-04.49.29:597][658]LogModuleManager: Shutting down and abandoning module LevelEditor (82)
[2014.12.03-04.49.29:599][658]LogModuleManager: Shutting down and abandoning module IntroTutorials (81)
[2014.12.03-04.49.29:599][658]LogModuleManager: Shutting down and abandoning module ContentBrowser (80)
[2014.12.03-04.49.29:599][658]LogModuleManager: Shutting down and abandoning module PropertyEditor (79)
[2014.12.03-04.49.29:599][658]LogModuleManager: Shutting down and abandoning module AssetTools (78)
[2014.12.03-04.49.29:599][658]LogModuleManager: Shutting down and abandoning module Paper2DEditor (77)
[2014.12.03-04.49.29:599][658]LogModuleManager: Shutting down and abandoning module SpeedTreeImporter (76)
[2014.12.03-04.49.29:599][658]LogModuleManager: Shutting down and abandoning module PluginsEditor (75)
[2014.12.03-04.49.29:600][658]LogModuleManager: Shutting down and abandoning module MainFrame (74)
[2014.12.03-04.49.29:600][658]LogModuleManager: Shutting down and abandoning module EpicSurvey (73)
[2014.12.03-04.49.29:600][658]LogModuleManager: Shutting down and abandoning module VisualStudioSourceCodeAccess (72)
[2014.12.03-04.49.29:600][658]LogModuleManager: Shutting down and abandoning module UObjectPlugin (71)
[2014.12.03-04.49.29:600][658]LogModuleManager: Shutting down and abandoning module SubversionSourceControl (70)
[2014.12.03-04.49.29:600][658]LogModuleManager: Shutting down and abandoning module SourceControl (69)
[2014.12.03-04.49.29:600][658]LogModuleManager: Shutting down and abandoning module PerforceSourceControl (68)
[2014.12.03-04.49.29:600][658]LogModuleManager: Shutting down and abandoning module BlankPlugin (67)
[2014.12.03-04.49.29:600][658]LogModuleManager: Shutting down and abandoning module ScriptPlugin (66)
[2014.12.03-04.49.29:600][658]LogModuleManager: Shutting down and abandoning module UdpMessaging (65)
[2014.12.03-04.49.29:700][658]LogModuleManager: Shutting down and abandoning module Paper2D (64)
[2014.12.03-04.49.29:700][658]LogModuleManager: Shutting down and abandoning module WindowsMoviePlayer (63)
[2014.12.03-04.49.29:705][658]LogModuleManager: Shutting down and abandoning module ImageWrapper (62)
[2014.12.03-04.49.29:705][658]LogModuleManager: Shutting down and abandoning module OnlineBlueprintSupport (61)
[2014.12.03-04.49.29:705][658]LogModuleManager: Shutting down and abandoning module FunctionalTesting (60)
[2014.12.03-04.49.29:705][658]LogModuleManager: Shutting down and abandoning module CollisionAnalyzer (59)
[2014.12.03-04.49.29:705][658]LogModuleManager: Shutting down and abandoning module WorkspaceMenuStructure (58)
[2014.12.03-04.49.29:706][658]LogModuleManager: Shutting down and abandoning module MessageLog (57)
[2014.12.03-04.49.29:706][658]LogModuleManager: Shutting down and abandoning module UMGEditor (56)
[2014.12.03-04.49.29:706][658]LogModuleManager: Shutting down and abandoning module UMG (55)
[2014.12.03-04.49.29:706][658]LogModuleManager: Shutting down and abandoning module Slate (54)
[2014.12.03-04.49.29:706][658]LogModuleManager: Shutting down and abandoning module EditorStyle (53)
[2014.12.03-04.49.29:709][658]LogModuleManager: Shutting down and abandoning module SessionServices (52)
[2014.12.03-04.49.29:709][658]LogModuleManager: Shutting down and abandoning module SourceCodeAccess (51)
[2014.12.03-04.49.29:709][658]LogModuleManager: Shutting down and abandoning module HeadMountedDisplay (50)
[2014.12.03-04.49.29:709][658]LogModuleManager: Shutting down and abandoning module XAudio2 (49)
[2014.12.03-04.49.29:709][658]LogModuleManager: Shutting down and abandoning module Networking (47)
[2014.12.03-04.49.29:709][658]LogModuleManager: Shutting down and abandoning module Core (46)
[2014.12.03-04.49.29:709][658]LogModuleManager: Shutting down and abandoning module KismetCompiler (45)
[2014.12.03-04.49.29:709][658]LogModuleManager: Shutting down and abandoning module PhysXFormats (44)
[2014.12.03-04.49.29:709][658]LogModuleManager: Shutting down and abandoning module MeshUtilities (43)
[2014.12.03-04.49.29:709][658]LogModuleManager: Shutting down and abandoning module DerivedDataCache (42)
[2014.12.03-04.49.29:871][658]LogDerivedDataCache: Shutdown
[2014.12.03-04.49.29:872][658]LogModuleManager: Shutting down and abandoning module ShaderFormatOpenGL (41)
[2014.12.03-04.49.29:872][658]LogModuleManager: Shutting down and abandoning module ShaderFormatD3D (40)
[2014.12.03-04.49.29:872][658]LogModuleManager: Shutting down and abandoning module MetalShaderFormat (39)
[2014.12.03-04.49.29:872][658]LogModuleManager: Shutting down and abandoning module TextureFormatUncompressed (38)
[2014.12.03-04.49.29:872][658]LogModuleManager: Shutting down and abandoning module TextureFormatPVR (37)
[2014.12.03-04.49.29:872][658]LogModuleManager: Shutting down and abandoning module TextureFormatDXT (36)
[2014.12.03-04.49.29:872][658]LogModuleManager: Shutting down and abandoning module TextureFormatAndroid (35)
[2014.12.03-04.49.29:872][658]LogModuleManager: Shutting down and abandoning module AudioFormatOpus (34)
[2014.12.03-04.49.29:872][658]LogModuleManager: Shutting down and abandoning module AudioFormatOgg (33)
[2014.12.03-04.49.29:872][658]LogModuleManager: Shutting down and abandoning module AudioFormatADPCM (32)
[2014.12.03-04.49.29:872][658]LogModuleManager: Shutting down and abandoning module Messaging (31)
[2014.12.03-04.49.29:872][658]LogModuleManager: Shutting down and abandoning module IOSTargetPlatform (30)
[2014.12.03-04.49.29:872][658]LogModuleManager: Shutting down and abandoning module Android_PVRTCTargetPlatform (29)
[2014.12.03-04.49.29:872][658]LogModuleManager: Shutting down and abandoning module Android_ETC2TargetPlatform (28)
[2014.12.03-04.49.29:872][658]LogModuleManager: Shutting down and abandoning module Android_ETC1TargetPlatform (27)
[2014.12.03-04.49.29:872][658]LogModuleManager: Shutting down and abandoning module Android_DXTTargetPlatform (26)
[2014.12.03-04.49.29:872][658]LogModuleManager: Shutting down and abandoning module Android_ATCTargetPlatform (25)
[2014.12.03-04.49.29:872][658]LogModuleManager: Shutting down and abandoning module AndroidTargetPlatform (24)
[2014.12.03-04.49.29:872][658]LogModuleManager: Shutting down and abandoning module WindowsTargetPlatform (23)
[2014.12.03-04.49.29:872][658]LogModuleManager: Shutting down and abandoning module WindowsServerTargetPlatform (22)
[2014.12.03-04.49.29:872][658]LogModuleManager: Shutting down and abandoning module WindowsNoEditorTargetPlatform (21)
[2014.12.03-04.49.29:872][658]LogModuleManager: Shutting down and abandoning module WindowsClientTargetPlatform (20)
[2014.12.03-04.49.29:872][658]LogModuleManager: Shutting down and abandoning module TargetPlatform (19)
[2014.12.03-04.49.29:872][658]LogModuleManager: Shutting down and abandoning module InputCore (18)
[2014.12.03-04.49.29:872][658]LogModuleManager: Shutting down and abandoning module Settings (17)
[2014.12.03-04.49.29:872][658]LogModuleManager: Shutting down and abandoning module ExampleDeviceProfileSelector (14)
[2014.12.03-04.49.29:872][658]LogModuleManager: Shutting down and abandoning module OculusRift (13)
[2014.12.03-04.49.29:872][658]LogModuleManager: Shutting down and abandoning module TextureCompressor (12)
[2014.12.03-04.49.29:872][658]LogModuleManager: Shutting down and abandoning module ShaderCore (11)
[2014.12.03-04.49.29:872][658]LogModuleManager: Shutting down and abandoning module OpenGLDrv (10)
[2014.12.03-04.49.29:872][658]LogModuleManager: Shutting down and abandoning module D3D11RHI (9)
[2014.12.03-04.49.29:872][658]LogModuleManager: Shutting down and abandoning module SlateRHIRenderer (8)
[2014.12.03-04.49.29:872][658]LogModuleManager: Shutting down and abandoning module Renderer (7)
[2014.12.03-04.49.29:873][658]LogModuleManager: Shutting down and abandoning module Engine (6)
[2014.12.03-04.49.29:873][658]LogModuleManager: Shutting down and abandoning module CoreUObject (5)
[2014.12.03-04.49.29:873][658]LogModuleManager: Shutting down and abandoning module NetworkFile (4)
[2014.12.03-04.49.29:873][658]LogModuleManager: Shutting down and abandoning module StreamingFile (3)
[2014.12.03-04.49.29:873][658]LogModuleManager: Shutting down and abandoning module SandboxFile (2)
[2014.12.03-04.49.29:873][658]LogModuleManager: Shutting down and abandoning module PakFile (1)
[2014.12.03-04.49.29:873][658]LogExit: Exiting.
[2014.12.03-04.49.29:887][658]Log file closed, 12/02/14 20:49:29
