Log file open, 12/03/14 00:16:59
LogInit:Display: Running engine for game: ProtoPixelPower
LogInit: Version: 4.4.3-2296771+++depot+UE4-Releases+4.4
LogInit: API Version: 2255576
LogInit: Compiled (64-bit): Sep 13 2014 22:30:58
LogInit: Build Configuration: Development
LogInit: Branch Name: ++depot+UE4-Releases+4.4
LogInit: Command line:  
LogInit: Base directory: C:/Program Files/Unreal Engine/4.4/Engine/Binaries/Win64/
LogInit: Rocket: 1
[2014.12.03-08.16.59:064][  0]LogTaskGraph: Started task graph with 3 named threads and 4 total threads.
[2014.12.03-08.16.59:101][  0]LogOnline:Warning: No default platform service specified for OnlineSubsystem
[2014.12.03-08.16.59:109][  0]LogInit: Presizing for 0 objects not considered by GC, pre-allocating 0 bytes.
[2014.12.03-08.16.59:116][  0]LogInit: Object subsystem initialized
[2014.12.03-08.16.59:118][  0]LogInit: Selected Device Profile: [Windows]
[2014.12.03-08.16.59:118][  0]LogInit: Applying CVar settings loaded from the selected device profile: [Windows]
[2014.12.03-08.16.59:122][  0]LogInit: Computer: FENDR
[2014.12.03-08.16.59:122][  0]LogInit: User: AK
[2014.12.03-08.16.59:123][  0]LogInit: CPU Page size=4096, Cores=4
[2014.12.03-08.16.59:123][  0]LogInit: High frequency timer resolution =3.621210 MHz
[2014.12.03-08.16.59:123][  0]LogMemory: Memory total: Physical=16.0GB (16GB approx) Virtual=8192.0GB
[2014.12.03-08.16.59:123][  0]LogMemory: Platform Memory Stats for Windows
[2014.12.03-08.16.59:123][  0]LogMemory: Process Physical Memory: 64.54 MB used, 64.54 MB peak
[2014.12.03-08.16.59:123][  0]LogMemory: Process Virtual Memory: 39.73 MB used, 39.73 MB peak
[2014.12.03-08.16.59:123][  0]LogMemory: Physical Memory: 3757.56 MB used, 16361.31 MB total
[2014.12.03-08.16.59:123][  0]LogMemory: Virtual Memory: 264.33 MB used, 8388608.00 MB total
[2014.12.03-08.16.59:151][  0]LogD3D11RHI: Found D3D11 adapter 0: NVIDIA GeForce GTX 580 (Feature Level 11_0)
[2014.12.03-08.16.59:151][  0]LogD3D11RHI: Adapter has 1487MB of dedicated video memory, 0MB of dedicated system memory, and 2559MB of shared system memory, 1 output[s]
[2014.12.03-08.16.59:151][  0]LogD3D11RHI: Chosen D3D11 Adapter Id = 0
[2014.12.03-08.16.59:156][  0]LogRHI: Texture pool is 1041 MB (70% of 1487 MB)
[2014.12.03-08.16.59:162][  0]LogD3D11RHI: Async texture creation enabled
[2014.12.03-08.16.59:250][  0]LogContentStreaming: Texture pool size is 0.000000MB
[2014.12.03-08.17.00:373][  0]LogTargetPlatformManager:Display: Building Assets For Windows
[2014.12.03-08.17.00:666][  0]LogTargetPlatformManager:Display: Building Assets For Windows
[2014.12.03-08.17.00:695][  0]LogDerivedDataCache:Display: Max Cache Size: 512 MB
[2014.12.03-08.17.00:726][  0]LogDerivedDataCache: Loaded boot cache 0.03s 39MB C:/Users/AK/AppData/Local/UnrealEngine/4.4/DerivedDataCache/Boot.ddc.
[2014.12.03-08.17.00:726][  0]LogDerivedDataCache:Display: Loaded Boot cache: C:/Users/AK/AppData/Local/UnrealEngine/4.4/DerivedDataCache/Boot.ddc
[2014.12.03-08.17.00:726][  0]LogDerivedDataCache: FDerivedDataBackendGraph:  Pak pak cache file ../../../../../../Users/AK/Documents/Unreal Projects/ProtoPixelPower/DerivedDataCache/DDC.ddp not found, will not use a pak cache.
[2014.12.03-08.17.00:726][  0]LogDerivedDataCache: Unable to find inner node Pak for hierarchical cache Hierarchy.
[2014.12.03-08.17.00:741][  0]LogDerivedDataCache:Display: Pak cache opened for reading ../../../Engine/DerivedDataCache/DDC.ddp.
[2014.12.03-08.17.00:752][  0]LogDerivedDataCache: Using Local data cache path C:/Users/AK/AppData/Local/UnrealEngine/4.4/DerivedDataCache: Writable
[2014.12.03-08.17.00:877][  0]LogMeshUtilities: No automatic mesh reduction module available
[2014.12.03-08.17.00:877][  0]LogMeshUtilities: No automatic mesh merging module available
[2014.12.03-08.17.01:124][  0]LogInit: WinSock: version 1.1 (2.2), MaxSocks=32767, MaxUdp=65467
[2014.12.03-08.17.01:929][  0]LogStats:Warning: MetaData mismatch. Did you assign a stat to two groups? New //STATGROUP_Threads//FMonitoredProcess///Thread_21e0_0///////STATCAT_Advanced//// old //STATGROUP_Threads//FMonitoredProcess///Thread_c04_0///////STATCAT_Advanced////
[2014.12.03-08.17.01:929][  0]UdpMessaging: Initializing bridge on interface 0.0.0.0:0 to multicast group 230.0.0.1:6666.
[2014.12.03-08.17.02:058][  0]LogSourceControl: RunCommandInternalRaw: 'git version'
[2014.12.03-08.17.02:058][  0]LogSourceControl: RunCommandInternalRaw: 'git version'
[2014.12.03-08.17.02:058][  0]LogSourceControl: RunCommandInternalRaw: 'git version'
[2014.12.03-08.17.02:062][  0]LogSourceControl: RunCommandInternalRaw: 'git version'
[2014.12.03-08.17.02:187][  0]BlueprintLog: New page: Editor Load
[2014.12.03-08.17.02:257][  0]LogObj: 21438 objects as part of root set at end of initial load.
[2014.12.03-08.17.02:257][  0]LogUObjectAllocator: 4218656 out of 0 bytes used by permanent object pool.
[2014.12.03-08.17.02:384][  0]LogEngine: Initializing Engine...
[2014.12.03-08.17.02:464][  0]LogInit: XAudio2 using 'LG TV-3 (NVIDIA High Definition Audio)' : 2 channels at 48 kHz using 16 bits per sample (channel mask 0x3)
[2014.12.03-08.17.02:493][  0]LogInit: FAudioDevice initialized.
[2014.12.03-08.17.02:505][  0]LogAIModule: Creating AISystem for world NewWorld
[2014.12.03-08.17.02:521][  0]LogDerivedDataCache: Saved boot cache 0.02s 39MB C:/Users/AK/AppData/Local/UnrealEngine/4.4/DerivedDataCache/Boot.ddc.
[2014.12.03-08.17.02:526][  0]LogInit: Texture streaming: Enabled
[2014.12.03-08.17.02:558][  0]LogInit: Transaction tracking system initialized
[2014.12.03-08.17.02:634][  0]LogAssetRegistry: FAssetRegistry took 0.0095 seconds to start up
[2014.12.03-08.17.02:992][  0]LogTargetPlatformManager:Display: Building Assets For Windows
[2014.12.03-08.17.03:279][  0]LogTargetPlatformManager:Display: Building Assets For Windows
[2014.12.03-08.17.03:377][  0]LogConsoleResponse:Display: 
[2014.12.03-08.17.03:495][  0]LogStats:Warning: MetaData mismatch. Did you assign a stat to two groups? New //STATGROUP_Threads//FMonitoredProcess///Thread_71c_0///////STATCAT_Advanced//// old //STATGROUP_Threads//FMonitoredProcess///Thread_c04_0///////STATCAT_Advanced////
[2014.12.03-08.17.03:495][  0]LogStats:Warning: MetaData mismatch. Did you assign a stat to two groups? New //STATGROUP_Threads//FMonitoredProcess///Thread_1dc8_0///////STATCAT_Advanced//// old //STATGROUP_Threads//FMonitoredProcess///Thread_c04_0///////STATCAT_Advanced////
[2014.12.03-08.17.03:495][  0]LogSourceControl: RunCommandInternalRaw: 'git version'
[2014.12.03-08.17.03:495][  0]Cmd: MAP LOAD FILE="../../../../../../Users/AK/Documents/Unreal Projects/ProtoPixelPower/Content/Maps/Example_Map.umap" TEMPLATE=0 SHOWPROGRESS=1
[2014.12.03-08.17.03:496][  0]LightingResults: New page: Lighting Build
[2014.12.03-08.17.03:501][  0]MapCheck: New page: Map Check
[2014.12.03-08.17.03:501][  0]LightingResults: New page: Lighting Build
[2014.12.03-08.17.03:516][  0]LogParticles: Destroying 0 GPU particle simulations for FXSystem 0x00000000162CC220
[2014.12.03-08.17.03:712][  0]LogEditorServer: Finished looking for orphan Actors (0.000 secs)
[2014.12.03-08.17.03:712][  0]LogAIModule: Creating AISystem for world Example_Map
[2014.12.03-08.17.03:712][  0]Cmd: MAP CHECKDEP
[2014.12.03-08.17.03:712][  0]MapCheck: New page: Example_Map - Dec 2, 2014, 4:17:03 PM
[2014.12.03-08.17.03:752][  0]MapCheck: Info ========== Map Check: 0 Error(s), 0 Warning(s), [39.488ms] ==========
[2014.12.03-08.17.03:752][  0]LogFileHelpers: Loading map 'Example_Map' took 0.257
[2014.12.03-08.17.03:836][  0]LogCollectionManager: Loaded 0 collections in 0.000807 seconds
[2014.12.03-08.17.03:846][  0]LogContentBrowser:Verbose: The content browser source was changed by the sources view to '/Game'
[2014.12.03-08.17.03:897][  0]LogCrashTracker: Crashtracker disabled due to settings.
[2014.12.03-08.17.03:944][  0]LogLoad: Full Startup: 6.41 seconds (BP compile: 0.05 seconds)
[2014.12.03-08.17.04:063][  0]LogRenderer:Warning: Reallocating scene render targets to support 800x600.
[2014.12.03-08.17.04:153][  1]LogAssetRegistry: Asset discovery search completed in 1.5294 seconds
[2014.12.03-08.22.13:095][951]Cmd: QUIT_EDITOR
[2014.12.03-08.22.13:234][951]LogWindowsTextInputMethodSystem:Error: Terminating failed while unadvising the language notification sink from the TSF source.
[2014.12.03-08.22.13:234][951]LogExit: Preparing to exit.
[2014.12.03-08.22.14:003][951]LogExit: Editor shut down
[2014.12.03-08.22.14:003][951]LogExit: Transaction tracking system shut down
[2014.12.03-08.22.14:004][951]LogParticles: Destroying 0 GPU particle simulations for FXSystem 0x000000000F000900
[2014.12.03-08.22.14:019][951]LogExit: Object subsystem successfully closed.
[2014.12.03-08.22.14:042][951]LogModuleManager: Shutting down and abandoning module AndroidDeviceDetection (162)
[2014.12.03-08.22.14:042][951]LogModuleManager: Shutting down and abandoning module HTTP (161)
[2014.12.03-08.22.14:042][951]LogModuleManager: Shutting down and abandoning module CrashTracker (160)
[2014.12.03-08.22.14:042][951]LogModuleManager: Shutting down and abandoning module SuperSearch (159)
[2014.12.03-08.22.14:042][951]LogModuleManager: Shutting down and abandoning module SceneOutliner (158)
[2014.12.03-08.22.14:042][951]LogModuleManager: Shutting down and abandoning module EditorWidgets (157)
[2014.12.03-08.22.14:042][951]LogModuleManager: Shutting down and abandoning module CollectionManager (156)
[2014.12.03-08.22.14:042][951]LogModuleManager: Shutting down and abandoning module StatsViewer (155)
[2014.12.03-08.22.14:042][951]LogModuleManager: Shutting down and abandoning module FoliageEdit (154)
[2014.12.03-08.22.14:042][951]LogModuleManager: Shutting down and abandoning module LandscapeEditor (153)
[2014.12.03-08.22.14:043][951]LogModuleManager: Shutting down and abandoning module MeshPaint (152)
[2014.12.03-08.22.14:043][951]LogModuleManager: Shutting down and abandoning module ActorPickerMode (151)
[2014.12.03-08.22.14:043][951]LogModuleManager: Shutting down and abandoning module GeometryMode (150)
[2014.12.03-08.22.14:043][951]LogModuleManager: Shutting down and abandoning module TextureAlignMode (149)
[2014.12.03-08.22.14:043][951]LogModuleManager: Shutting down and abandoning module BspMode (148)
[2014.12.03-08.22.14:043][951]LogModuleManager: Shutting down and abandoning module PlacementMode (147)
[2014.12.03-08.22.14:043][951]LogModuleManager: Shutting down and abandoning module AutomationWorker (146)
[2014.12.03-08.22.14:043][951]LogModuleManager: Shutting down and abandoning module EditorLiveStreaming (145)
[2014.12.03-08.22.14:043][951]LogModuleManager: Shutting down and abandoning module BehaviorTreeEditor (144)
[2014.12.03-08.22.14:043][951]LogModuleManager: Shutting down and abandoning module DeviceProfileEditor (143)
[2014.12.03-08.22.14:043][951]LogModuleManager: Shutting down and abandoning module UndoHistory (142)
[2014.12.03-08.22.14:043][951]LogModuleManager: Shutting down and abandoning module GameplayTagsEditor (141)
[2014.12.03-08.22.14:043][951]LogModuleManager: Shutting down and abandoning module UserFeedback (140)
[2014.12.03-08.22.14:043][951]LogModuleManager: Shutting down and abandoning module XmlParser (139)
[2014.12.03-08.22.14:043][951]LogModuleManager: Shutting down and abandoning module Blutility (138)
[2014.12.03-08.22.14:043][951]LogModuleManager: Shutting down and abandoning module IOSPlatformEditor (137)
[2014.12.03-08.22.14:043][951]LogModuleManager: Shutting down and abandoning module IOSRuntimeSettings (136)
[2014.12.03-08.22.14:043][951]LogModuleManager: Shutting down and abandoning module AndroidPlatformEditor (135)
[2014.12.03-08.22.14:043][951]LogModuleManager: Shutting down and abandoning module AndroidRuntimeSettings (134)
[2014.12.03-08.22.14:043][951]LogModuleManager: Shutting down and abandoning module ProjectTargetPlatformEditor (133)
[2014.12.03-08.22.14:043][951]LogModuleManager: Shutting down and abandoning module ProjectSettingsViewer (132)
[2014.12.03-08.22.14:043][951]LogModuleManager: Shutting down and abandoning module InputBindingEditor (131)
[2014.12.03-08.22.14:043][951]LogModuleManager: Shutting down and abandoning module EditorSettingsViewer (130)
[2014.12.03-08.22.14:043][951]LogModuleManager: Shutting down and abandoning module SettingsEditor (129)
[2014.12.03-08.22.14:043][951]LogModuleManager: Shutting down and abandoning module SessionLauncher (128)
[2014.12.03-08.22.14:043][951]LogModuleManager: Shutting down and abandoning module SessionFrontend (127)
[2014.12.03-08.22.14:043][951]LogModuleManager: Shutting down and abandoning module ProfilerClient (126)
[2014.12.03-08.22.14:043][951]LogModuleManager: Shutting down and abandoning module TargetDeviceServices (125)
[2014.12.03-08.22.14:043][951]LogModuleManager: Shutting down and abandoning module DeviceManager (124)
[2014.12.03-08.22.14:043][951]LogModuleManager: Shutting down and abandoning module AutomationController (123)
[2014.12.03-08.22.14:043][951]LogModuleManager: Shutting down and abandoning module AutomationWindow (122)
[2014.12.03-08.22.14:043][951]LogModuleManager: Shutting down and abandoning module Layers (121)
[2014.12.03-08.22.14:043][951]LogModuleManager: Shutting down and abandoning module ComponentVisualizers (120)
[2014.12.03-08.22.14:043][951]LogModuleManager: Shutting down and abandoning module DetailCustomizations (119)
[2014.12.03-08.22.14:043][951]LogModuleManager: Shutting down and abandoning module PackagesDialog (118)
[2014.12.03-08.22.14:043][951]LogModuleManager: Shutting down and abandoning module DirectoryWatcher (117)
[2014.12.03-08.22.14:043][951]LogModuleManager: Shutting down and abandoning module AssetRegistry (116)
[2014.12.03-08.22.14:053][951]LogModuleManager: Shutting down and abandoning module Persona (115)
[2014.12.03-08.22.14:054][951]LogModuleManager: Shutting down and abandoning module GraphEditor (114)
[2014.12.03-08.22.14:054][951]LogModuleManager: Shutting down and abandoning module ClassViewer (113)
[2014.12.03-08.22.14:054][951]LogModuleManager: Shutting down and abandoning module Toolbox (112)
[2014.12.03-08.22.14:054][951]LogModuleManager: Shutting down and abandoning module ModuleUI (111)
[2014.12.03-08.22.14:054][951]LogModuleManager: Shutting down and abandoning module Sequencer (110)
[2014.12.03-08.22.14:054][951]LogModuleManager: Shutting down and abandoning module MovieSceneTools (109)
[2014.12.03-08.22.14:054][951]LogModuleManager: Shutting down and abandoning module OutputLog (108)
[2014.12.03-08.22.14:054][951]LogModuleManager: Shutting down and abandoning module GammaUI (107)
[2014.12.03-08.22.14:054][951]LogModuleManager: Shutting down and abandoning module Documentation (106)
[2014.12.03-08.22.14:054][951]LogModuleManager: Shutting down and abandoning module GameLiveStreaming (105)
[2014.12.03-08.22.14:054][951]LogModuleManager: Shutting down and abandoning module DesktopPlatform (104)
[2014.12.03-08.22.14:054][951]LogModuleManager: Shutting down and abandoning module StreamingPauseRendering (103)
[2014.12.03-08.22.14:054][951]LogModuleManager: Shutting down and abandoning module AnalyticsET (102)
[2014.12.03-08.22.14:054][951]LogModuleManager: Shutting down and abandoning module Analytics (101)
[2014.12.03-08.22.14:054][951]LogModuleManager: Shutting down and abandoning module GameplayDebugger (100)
[2014.12.03-08.22.14:054][951]LogModuleManager: Shutting down and abandoning module AIModule (99)
[2014.12.03-08.22.14:054][951]LogModuleManager: Shutting down and abandoning module ProfilerService (98)
[2014.12.03-08.22.14:298][951]LogModuleManager: Shutting down and abandoning module TaskGraph (97)
[2014.12.03-08.22.14:298][951]LogModuleManager: Shutting down and abandoning module SlateRemote (96)
[2014.12.03-08.22.14:298][951]LogModuleManager: Shutting down and abandoning module ScriptEditorPlugin (95)
[2014.12.03-08.22.14:298][951]LogModuleManager: Shutting down and abandoning module CustomMeshComponent (94)
[2014.12.03-08.22.14:298][951]LogModuleManager: Shutting down and abandoning module CableComponent (93)
[2014.12.03-08.22.14:298][951]LogModuleManager: Shutting down and abandoning module MessagingDebugger (92)
[2014.12.03-08.22.14:298][951]LogModuleManager: Shutting down and abandoning module ViewportSnapping (91)
[2014.12.03-08.22.14:298][951]LogModuleManager: Shutting down and abandoning module SmartSnapping (90)
[2014.12.03-08.22.14:298][951]LogModuleManager: Shutting down and abandoning module PaperTiledImporter (89)
[2014.12.03-08.22.14:298][951]LogModuleManager: Shutting down and abandoning module PaperJsonImporter (88)
[2014.12.03-08.22.14:298][951]LogModuleManager: Shutting down and abandoning module GameProjectGeneration (87)
[2014.12.03-08.22.14:298][951]LogModuleManager: Shutting down and abandoning module Matinee (86)
[2014.12.03-08.22.14:298][951]LogModuleManager: Shutting down and abandoning module Kismet (85)
[2014.12.03-08.22.14:298][951]LogModuleManager: Shutting down and abandoning module SlateReflector (84)
[2014.12.03-08.22.14:298][951]LogModuleManager: Shutting down and abandoning module LevelEditor (83)
[2014.12.03-08.22.14:300][951]LogModuleManager: Shutting down and abandoning module IntroTutorials (82)
[2014.12.03-08.22.14:300][951]LogModuleManager: Shutting down and abandoning module ContentBrowser (81)
[2014.12.03-08.22.14:300][951]LogModuleManager: Shutting down and abandoning module PropertyEditor (80)
[2014.12.03-08.22.14:300][951]LogModuleManager: Shutting down and abandoning module AssetTools (79)
[2014.12.03-08.22.14:300][951]LogModuleManager: Shutting down and abandoning module Paper2DEditor (78)
[2014.12.03-08.22.14:301][951]LogModuleManager: Shutting down and abandoning module SpeedTreeImporter (77)
[2014.12.03-08.22.14:301][951]LogModuleManager: Shutting down and abandoning module PluginsEditor (76)
[2014.12.03-08.22.14:301][951]LogModuleManager: Shutting down and abandoning module MainFrame (75)
[2014.12.03-08.22.14:301][951]LogModuleManager: Shutting down and abandoning module EpicSurvey (74)
[2014.12.03-08.22.14:301][951]LogModuleManager: Shutting down and abandoning module VisualStudioSourceCodeAccess (73)
[2014.12.03-08.22.14:301][951]LogModuleManager: Shutting down and abandoning module UObjectPlugin (72)
[2014.12.03-08.22.14:301][951]LogModuleManager: Shutting down and abandoning module GitSourceControl (71)
[2014.12.03-08.22.14:301][951]LogModuleManager: Shutting down and abandoning module SubversionSourceControl (70)
[2014.12.03-08.22.14:301][951]LogModuleManager: Shutting down and abandoning module SourceControl (69)
[2014.12.03-08.22.14:587][951]LogWindows: === Critical error: ===
Unhandled Exception: EXCEPTION_ACCESS_VIOLATION reading address 0xffffffff

[2014.12.03-08.22.14:587][951]LogWindows: Fatal error!

Address = 0xe76ef39b (filename not found) [in C:\Program Files\Unreal Engine\4.4\Engine\Binaries\Win64\UE4Editor-SourceControl.dll]
Address = 0xedd53832 (filename not found) [in C:\Program Files\Unreal Engine\4.4\Engine\Binaries\Win64\UE4Editor-Core.dll]
Address = 0xedd53d4c (filename not found) [in C:\Program Files\Unreal Engine\4.4\Engine\Binaries\Win64\UE4Editor-Core.dll]
FEngineLoop::Exit() 0x3ff1ad42 + 0 bytes [File=d:\buildfarm\buildmachine_++depot+ue4-releases+4.4\engine\source\runtime\launch\private\launchengineloop.cpp:1973] [in C:\Program Files\Unreal Engine\4.4\Engine\Binaries\Win64\UE4Editor.exe]
GuardedMain() 0x3ff1ca71 + 22 bytes [File=d:\buildfarm\buildmachine_++depot+ue4-releases+4.4\engine\source\runtime\launch\private\launch.cpp:144] [in C:\Program Files\Unreal Engine\4.4\Engine\Binaries\Win64\UE4Editor.exe]
GuardedMainWrapper() 0x3ff1caaa + 5 bytes [File=d:\buildfarm\buildmachine_++depot+ue4-releases+4.4\engine\source\runtime\launch\private\windows\launchwindows.cpp:125] [in C:\Program Files\Unreal Engine\4.4\Engine\Binaries\Win64\UE4Editor.exe]
WinMain() 0x3ff288c9 + 17 bytes [File=d:\buildfarm\buildmachine_++depot+ue4-releases+4.4\engine\source\runtime\launch\private\windows\launchwindows.cpp:201] [in C:\Program Files\Unreal Engine\4.4\Engine\Binaries\Win64\UE4Editor.exe]
__tmainCRTStartup() 0x3ff296f9 + 21 bytes [File=f:\dd\vctools\crt\crtw32\dllstuff\crtexe.c:618] [in C:\Program Files\Unreal Engine\4.4\Engine\Binaries\Win64\UE4Editor.exe]
Address = 0x76bd652d (filename not found) [in C:\Windows\system32\kernel32.dll]
Address = 0x76fbc521 (filename not found) [in C:\Windows\SYSTEM32\ntdll.dll]
Address = 0x76fbc521 (filename not found) [in C:\Windows\SYSTEM32\ntdll.dll]

[2014.12.03-08.22.14:587][951]LogPhysics:Warning: PHYSX: ..\..\foundation\src\PsFoundation.cpp (234) 8 : Foundation: Invalid deregistration detected.
[2014.12.03-08.22.14:587][951]LogWindows: FPlatformMisc::RequestExit(1)
[2014.12.03-08.22.14:587][951]Log file closed, 12/03/14 00:22:14
